<?xml version="1.0" encoding="UTF-8"?>
<!-- Generated by org.testng.reporters.JUnitXMLReporter -->
<testsuite hostname="LAPTOP-RC74JETD" name="About Us UMTC" tests="3" failures="1" timestamp="22 Jul 2019 02:10:07 GMT" time="7.251" errors="0">
  <testcase name="@AfterMethod CheckResults" time="0.0" classname="umtcpractice.AboutUsUMTC">
    <failure type="java.lang.NullPointerException">
      <![CDATA[java.lang.NullPointerException
	at umtcpractice.VariablesAndBrowser.CheckResults(VariablesAndBrowser.java:117)
... Removed 26 stack frames]]>
    </failure>
  </testcase> <!-- @AfterMethod CheckResults -->
  <testcase name="@AfterMethod CheckResults" time="0.0" classname="umtcpractice.AboutUsUMTC">
    <skipped/>
  </testcase> <!-- @AfterMethod CheckResults -->
  <testcase name="lumagda" time="0.001" classname="umtcpractice.AboutUsUMTC">
    <failure type="java.lang.NullPointerException">
      <![CDATA[java.lang.NullPointerException
	at umtcpractice.DownloadsUMTC.lumagda(DownloadsUMTC.java:50)
... Removed 24 stack frames]]>
    </failure>
  </testcase> <!-- lumagda -->
  <testcase name="aboutus" time="0.001" classname="umtcpractice.AboutUsUMTC">
    <skipped/>
  </testcase> <!-- aboutus -->
  <testcase name="downloads" time="0.0" classname="umtcpractice.AboutUsUMTC">
    <skipped/>
  </testcase> <!-- downloads -->
</testsuite> <!-- About Us UMTC -->
