<?xml version="1.0" encoding="UTF-8"?>
<!-- Generated by org.testng.reporters.JUnitXMLReporter -->
<testsuite hostname="LAPTOP-RC74JETD" name="Edge UMTC" tests="2" failures="0" timestamp="30 Jul 2019 01:55:01 GMT" time="2.666" errors="0">
  <testcase name="@BeforeClass MultipleBrowser" time="0.0" classname="umtcpractice.DownloadsUMTC">
    <failure type="org.openqa.selenium.remote.SessionNotFoundException" message="session null does not exist (WARNING: The server did not provide any stacktrace information)
Command duration or timeout: 6 milliseconds
Build info: version: &amp;apos;2.53.1&amp;apos;, revision: &amp;apos;a36b8b1&amp;apos;, time: &amp;apos;2016-06-30 17:37:03&amp;apos;
System info: host: &amp;apos;LAPTOP-RC74JETD&amp;apos;, ip: &amp;apos;192.168.1.124&amp;apos;, os.name: &amp;apos;Windows 10&amp;apos;, os.arch: &amp;apos;amd64&amp;apos;, os.version: &amp;apos;10.0&amp;apos;, java.version: &amp;apos;1.8.0_211&amp;apos;
Driver info: org.openqa.selenium.edge.EdgeDriver
Capabilities [{capabilities={proxy={}, acceptInsecureCerts=false, browserVersion=11, se:ieOptions={nativeEvents=true, browserAttachTimeout=0, ie.ensureCleanSession=false, elementScrollBehavior=0, enablePersistentHover=true, ie.browserCommandLineSwitches=, ie.forceCreateProcessApi=false, requireWindowFocus=false, initialBrowserUrl=http://localhost:8833/, ignoreZoomSetting=false, ie.fileUploadDialogTimeout=3000, ignoreProtectedModeSettings=false}, timeouts={implicit=0, pageLoad=300000, script=30000}, browserName=internet explorer, pageLoadStrategy=normal, unhandledPromptBehavior=dismiss, platformName=windows, setWindowRect=true}, sessionId=7af828b6-b9a5-4119-a633-635efc9402d5, platform=ANY}]
Session ID: null">
      <![CDATA[org.openqa.selenium.remote.SessionNotFoundException: session null does not exist (WARNING: The server did not provide any stacktrace information)
Command duration or timeout: 6 milliseconds
Build info: version: '2.53.1', revision: 'a36b8b1', time: '2016-06-30 17:37:03'
System info: host: 'LAPTOP-RC74JETD', ip: '192.168.1.124', os.name: 'Windows 10', os.arch: 'amd64', os.version: '10.0', java.version: '1.8.0_211'
Driver info: org.openqa.selenium.edge.EdgeDriver
Capabilities [{capabilities={proxy={}, acceptInsecureCerts=false, browserVersion=11, se:ieOptions={nativeEvents=true, browserAttachTimeout=0, ie.ensureCleanSession=false, elementScrollBehavior=0, enablePersistentHover=true, ie.browserCommandLineSwitches=, ie.forceCreateProcessApi=false, requireWindowFocus=false, initialBrowserUrl=http://localhost:8833/, ignoreZoomSetting=false, ie.fileUploadDialogTimeout=3000, ignoreProtectedModeSettings=false}, timeouts={implicit=0, pageLoad=300000, script=30000}, browserName=internet explorer, pageLoadStrategy=normal, unhandledPromptBehavior=dismiss, platformName=windows, setWindowRect=true}, sessionId=7af828b6-b9a5-4119-a633-635efc9402d5, platform=ANY}]
Session ID: null
	at org.openqa.selenium.remote.ErrorHandler.createThrowable(ErrorHandler.java:206)
	at org.openqa.selenium.remote.ErrorHandler.throwIfResponseFailed(ErrorHandler.java:158)
	at org.openqa.selenium.remote.RemoteWebDriver.execute(RemoteWebDriver.java:678)
	at org.openqa.selenium.remote.RemoteWebDriver.execute(RemoteWebDriver.java:701)
	at org.openqa.selenium.remote.RemoteWebDriver.getWindowHandle(RemoteWebDriver.java:553)
	at umtcpractice.VariablesAndBrowser.MultipleBrowser(VariablesAndBrowser.java:86)
	at java.util.concurrent.FutureTask.run(Unknown Source)
	at java.util.concurrent.ThreadPoolExecutor.runWorker(Unknown Source)
	at java.util.concurrent.ThreadPoolExecutor$Worker.run(Unknown Source)
	at java.lang.Thread.run(Unknown Source)
... Removed 20 stack frames]]>
    </failure>
  </testcase> <!-- @BeforeClass MultipleBrowser -->
  <testcase name="@AfterMethod CheckResults" time="0.0" classname="umtcpractice.DownloadsUMTC">
    <skipped/>
  </testcase> <!-- @AfterMethod CheckResults -->
  <testcase name="@AfterTest SendThruEmail" time="0.0" classname="umtcpractice.DownloadsUMTC">
    <skipped/>
  </testcase> <!-- @AfterTest SendThruEmail -->
  <testcase name="lumagda" time="0.002" classname="umtcpractice.DownloadsUMTC">
    <skipped/>
  </testcase> <!-- lumagda -->
  <testcase name="downloads" time="0.0" classname="umtcpractice.DownloadsUMTC">
    <skipped/>
  </testcase> <!-- downloads -->
</testsuite> <!-- Edge UMTC -->
