<?xml version="1.0" encoding="UTF-8"?>
<!-- Generated by org.testng.reporters.JUnitXMLReporter -->
<testsuite hostname="LAPTOP-RC74JETD" name="Firefox UMTC" tests="2" failures="0" timestamp="30 Jul 2019 01:55:48 GMT" time="49.19" errors="0">
  <testcase name="@BeforeClass MultipleBrowser" time="0.0" classname="umtcpractice.DownloadsUMTC">
    <failure type="org.openqa.selenium.WebDriverException" message="Failed to connect to binary FirefoxBinary(C:\Program Files\Mozilla Firefox\firefox.exe) on port 7055; process output follows: 
anslators&amp;quot;:null,&amp;quot;contributors&amp;quot;:null,&amp;quot;locales&amp;quot;:[&amp;quot;lo&amp;quot;]},{&amp;quot;name&amp;quot;:&amp;quot;Wikipedija (sl)&amp;quot;,&amp;quot;description&amp;quot;:&amp;quot;Wikipedija, prosta enciklopedija&amp;quot;,&amp;quot;creator&amp;quot;:null,&amp;quot;developers&amp;quot;:null,&amp;quot;translators&amp;quot;:null,&amp;quot;contributors&amp;quot;:null,&amp;quot;locales&amp;quot;:[&amp;quot;sl&amp;quot;]},{&amp;quot;name&amp;quot;:&amp;quot;VikipÄ“dija&amp;quot;,&amp;quot;description&amp;quot;:&amp;quot;VikipÄ“dija, brÄ«vÄ� enciklopÄ“dija&amp;quot;,&amp;quot;creator&amp;quot;:null,&amp;quot;developers&amp;quot;:null,&amp;quot;translators&amp;quot;:null,&amp;quot;contributors&amp;quot;:null,&amp;quot;locales&amp;quot;:[&amp;quot;lv&amp;quot;]},{&amp;quot;name&amp;quot;:&amp;quot;Biquipedia (an)&amp;quot;,&amp;quot;description&amp;quot;:&amp;quot;A enciclopedia Libre&amp;quot;,&amp;quot;creator&amp;quot;:null,&amp;quot;developers&amp;quot;:null,&amp;quot;translators&amp;quot;:null,&amp;quot;contributors&amp;quot;:null,&amp;quot;locales&amp;quot;:[&amp;quot;an&amp;quot;]}],&amp;quot;targetApplications&amp;quot;:[{&amp;quot;id&amp;quot;:&amp;quot;toolkit@mozilla.org&amp;quot;,&amp;quot;minVersion&amp;quot;:null,&amp;quot;maxVersion&amp;quot;:null}],&amp;quot;targetPlatforms&amp;quot;:[],&amp;quot;seen&amp;quot;:true,&amp;quot;dependencies&amp;quot;:[],&amp;quot;incognito&amp;quot;:&amp;quot;spanning&amp;quot;,&amp;quot;userPermissions&amp;quot;:{&amp;quot;permissions&amp;quot;:[],&amp;quot;origins&amp;quot;:[]},&amp;quot;icons&amp;quot;:{&amp;quot;16&amp;quot;:&amp;quot;favicon.ico&amp;quot;},&amp;quot;iconURL&amp;quot;:null,&amp;quot;blocklistState&amp;quot;:0,&amp;quot;blocklistURL&amp;quot;:null,&amp;quot;startupData&amp;quot;:null,&amp;quot;hidden&amp;quot;:true,&amp;quot;installTelemetryInfo&amp;quot;:null,&amp;quot;recommendationState&amp;quot;:null,&amp;quot;rootURI&amp;quot;:&amp;quot;resource://search-extensions/wikipedia/&amp;quot;,&amp;quot;location&amp;quot;:&amp;quot;app-builtin&amp;quot;}
1564451706208	addons.xpi	DEBUG	Loading bootstrap scope from resource://search-extensions/wikipedia/
1564451706208	addons.xpi	DEBUG	Calling bootstrap method install on wikipedia@search.mozilla.org version 1.0
1564451706208	addons.xpi	DEBUG	Calling bootstrap method startup on wikipedia@search.mozilla.org version 1.0
1564451713967	addons.xpi	DEBUG	Calling bootstrap method shutdown on wikipedia@search.mozilla.org version 1.0
1564451713969	addons.xpi	DEBUG	Calling bootstrap method shutdown on webcompat@mozilla.org version 4.3.2
1564451713973	addons.xpi	DEBUG	Calling bootstrap method shutdown on twitter@search.mozilla.org version 1.0
1564451713974	addons.xpi	DEBUG	Calling bootstrap method shutdown on screenshots@mozilla.org version 39.0.0
1564451713976	addons.xpi	DEBUG	Calling bootstrap method shutdown on google@search.mozilla.org version 1.0
1564451713979	addons.xpi	DEBUG	Calling bootstrap method shutdown on fxmonitor@mozilla.org version 3.0
1564451713982	addons.xpi	DEBUG	Calling bootstrap method shutdown on formautofill@mozilla.org version 1.0
1564451713984	addons.xpi	DEBUG	Calling bootstrap method shutdown on ebay@search.mozilla.org version 1.0
1564451713985	addons.xpi	DEBUG	Calling bootstrap method shutdown on default-theme@mozilla.org version 1.0
1564451713986	addons.xpi	DEBUG	Calling bootstrap method shutdown on ddg@search.mozilla.org version 1.0
1564451713987	addons.xpi	DEBUG	Calling bootstrap method shutdown on bing@search.mozilla.org version 1.0
1564451713988	addons.xpi	DEBUG	Calling bootstrap method shutdown on amazondotcom@search.mozilla.org version 1.1
[Parent 17968, Gecko_IOThread] WARNING: pipe error: 109: file z:/task_1563383129/build/src/ipc/chromium/src/chrome/common/ipc_channel_win.cc, line 341
[Child 14016, Chrome_ChildThread] WARNING: pipe error: 109: file z:/task_1563383129/build/src/ipc/chromium/src/chrome/common/ipc_channel_win.cc[,Child 1236, lin Chroe 341
me_ChildThre[aChild 14016d] WARNING: pipe error: 109: file z:/task_1563383129/build/src/ipc/chromium/src/chrome/common/ipc_channel_win.cc, line 341
[Child 1236,[Parent 17968, Gecko_IOThread] WARNING: pipe error: 109: file z:/task_1563383129/build/src/ipc/chromium/src/chrome/common/ipc_channel_win.cc, line 341
[Child 10424, Chrome_ChildThread] WARNING: pipe error: 109: file z:/task_1563383129/build/src/ipc/chromium/src/chrome/common/ipc_channel_win.cc, line 341
[Child 10424, Chrome_Child1564451714945	addons.manager	DEBUG	before shutdown
1564451714948	addons.manager	DEBUG	shutdown
1564451714949	addons.manager	DEBUG	Calling shutdown blocker for XPIProvider
1564451714949	addons.xpi	DEBUG	shutdown
1564451714949	addons.xpi-utils	DEBUG	shutdown
1564451714949	addons.manager	DEBUG	Calling shutdown blocker for GMPProvider
1564451714949	addons.manager	DEBUG	Calling shutdown blocker for PluginProvider
1564451714949	addons.manager	DEBUG	Async provider shutdown done
[GPU
###!!! [Child][RunMessage] Error: Channel closing: too late to send/recv, messages will be lost

 1
###!!! [Child][MessageChannel::SendAndWait] Error: Channel error: cannot send/recv


Build info: version: &amp;apos;2.53.1&amp;apos;, revision: &amp;apos;a36b8b1&amp;apos;, time: &amp;apos;2016-06-30 17:37:03&amp;apos;
System info: host: &amp;apos;LAPTOP-RC74JETD&amp;apos;, ip: &amp;apos;192.168.1.124&amp;apos;, os.name: &amp;apos;Windows 10&amp;apos;, os.arch: &amp;apos;amd64&amp;apos;, os.version: &amp;apos;10.0&amp;apos;, java.version: &amp;apos;1.8.0_211&amp;apos;
Driver info: driver.version: FirefoxDriver">
      <![CDATA[org.openqa.selenium.WebDriverException: Failed to connect to binary FirefoxBinary(C:\Program Files\Mozilla Firefox\firefox.exe) on port 7055; process output follows: 
anslators":null,"contributors":null,"locales":["lo"]},{"name":"Wikipedija (sl)","description":"Wikipedija, prosta enciklopedija","creator":null,"developers":null,"translators":null,"contributors":null,"locales":["sl"]},{"name":"VikipÄ“dija","description":"VikipÄ“dija, brÄ«vÄ� enciklopÄ“dija","creator":null,"developers":null,"translators":null,"contributors":null,"locales":["lv"]},{"name":"Biquipedia (an)","description":"A enciclopedia Libre","creator":null,"developers":null,"translators":null,"contributors":null,"locales":["an"]}],"targetApplications":[{"id":"toolkit@mozilla.org","minVersion":null,"maxVersion":null}],"targetPlatforms":[],"seen":true,"dependencies":[],"incognito":"spanning","userPermissions":{"permissions":[],"origins":[]},"icons":{"16":"favicon.ico"},"iconURL":null,"blocklistState":0,"blocklistURL":null,"startupData":null,"hidden":true,"installTelemetryInfo":null,"recommendationState":null,"rootURI":"resource://search-extensions/wikipedia/","location":"app-builtin"}
1564451706208	addons.xpi	DEBUG	Loading bootstrap scope from resource://search-extensions/wikipedia/
1564451706208	addons.xpi	DEBUG	Calling bootstrap method install on wikipedia@search.mozilla.org version 1.0
1564451706208	addons.xpi	DEBUG	Calling bootstrap method startup on wikipedia@search.mozilla.org version 1.0
1564451713967	addons.xpi	DEBUG	Calling bootstrap method shutdown on wikipedia@search.mozilla.org version 1.0
1564451713969	addons.xpi	DEBUG	Calling bootstrap method shutdown on webcompat@mozilla.org version 4.3.2
1564451713973	addons.xpi	DEBUG	Calling bootstrap method shutdown on twitter@search.mozilla.org version 1.0
1564451713974	addons.xpi	DEBUG	Calling bootstrap method shutdown on screenshots@mozilla.org version 39.0.0
1564451713976	addons.xpi	DEBUG	Calling bootstrap method shutdown on google@search.mozilla.org version 1.0
1564451713979	addons.xpi	DEBUG	Calling bootstrap method shutdown on fxmonitor@mozilla.org version 3.0
1564451713982	addons.xpi	DEBUG	Calling bootstrap method shutdown on formautofill@mozilla.org version 1.0
1564451713984	addons.xpi	DEBUG	Calling bootstrap method shutdown on ebay@search.mozilla.org version 1.0
1564451713985	addons.xpi	DEBUG	Calling bootstrap method shutdown on default-theme@mozilla.org version 1.0
1564451713986	addons.xpi	DEBUG	Calling bootstrap method shutdown on ddg@search.mozilla.org version 1.0
1564451713987	addons.xpi	DEBUG	Calling bootstrap method shutdown on bing@search.mozilla.org version 1.0
1564451713988	addons.xpi	DEBUG	Calling bootstrap method shutdown on amazondotcom@search.mozilla.org version 1.1
[Parent 17968, Gecko_IOThread] WARNING: pipe error: 109: file z:/task_1563383129/build/src/ipc/chromium/src/chrome/common/ipc_channel_win.cc, line 341
[Child 14016, Chrome_ChildThread] WARNING: pipe error: 109: file z:/task_1563383129/build/src/ipc/chromium/src/chrome/common/ipc_channel_win.cc[,Child 1236, lin Chroe 341
me_ChildThre[aChild 14016d] WARNING: pipe error: 109: file z:/task_1563383129/build/src/ipc/chromium/src/chrome/common/ipc_channel_win.cc, line 341
[Child 1236,[Parent 17968, Gecko_IOThread] WARNING: pipe error: 109: file z:/task_1563383129/build/src/ipc/chromium/src/chrome/common/ipc_channel_win.cc, line 341
[Child 10424, Chrome_ChildThread] WARNING: pipe error: 109: file z:/task_1563383129/build/src/ipc/chromium/src/chrome/common/ipc_channel_win.cc, line 341
[Child 10424, Chrome_Child1564451714945	addons.manager	DEBUG	before shutdown
1564451714948	addons.manager	DEBUG	shutdown
1564451714949	addons.manager	DEBUG	Calling shutdown blocker for XPIProvider
1564451714949	addons.xpi	DEBUG	shutdown
1564451714949	addons.xpi-utils	DEBUG	shutdown
1564451714949	addons.manager	DEBUG	Calling shutdown blocker for GMPProvider
1564451714949	addons.manager	DEBUG	Calling shutdown blocker for PluginProvider
1564451714949	addons.manager	DEBUG	Async provider shutdown done
[GPU
###!!! [Child][RunMessage] Error: Channel closing: too late to send/recv, messages will be lost

 1
###!!! [Child][MessageChannel::SendAndWait] Error: Channel error: cannot send/recv


Build info: version: '2.53.1', revision: 'a36b8b1', time: '2016-06-30 17:37:03'
System info: host: 'LAPTOP-RC74JETD', ip: '192.168.1.124', os.name: 'Windows 10', os.arch: 'amd64', os.version: '10.0', java.version: '1.8.0_211'
Driver info: driver.version: FirefoxDriver
	at org.openqa.selenium.firefox.internal.NewProfileExtensionConnection.start(NewProfileExtensionConnection.java:124)
	at org.openqa.selenium.firefox.FirefoxDriver.startClient(FirefoxDriver.java:271)
	at org.openqa.selenium.remote.RemoteWebDriver.<init>(RemoteWebDriver.java:119)
	at org.openqa.selenium.firefox.FirefoxDriver.<init>(FirefoxDriver.java:218)
	at org.openqa.selenium.firefox.FirefoxDriver.<init>(FirefoxDriver.java:211)
	at org.openqa.selenium.firefox.FirefoxDriver.<init>(FirefoxDriver.java:207)
	at org.openqa.selenium.firefox.FirefoxDriver.<init>(FirefoxDriver.java:120)
	at umtcpractice.VariablesAndBrowser.MultipleBrowser(VariablesAndBrowser.java:80)
	at java.util.concurrent.FutureTask.run(Unknown Source)
	at java.util.concurrent.ThreadPoolExecutor.runWorker(Unknown Source)
	at java.util.concurrent.ThreadPoolExecutor$Worker.run(Unknown Source)
	at java.lang.Thread.run(Unknown Source)
Caused by: org.openqa.selenium.firefox.NotConnectedException: Unable to connect to host 127.0.0.1 on port 7055 after 45000 ms. Firefox console output:
anslators":null,"contributors":null,"locales":["lo"]},{"name":"Wikipedija (sl)","description":"Wikipedija, prosta enciklopedija","creator":null,"developers":null,"translators":null,"contributors":null,"locales":["sl"]},{"name":"VikipÄ“dija","description":"VikipÄ“dija, brÄ«vÄ� enciklopÄ“dija","creator":null,"developers":null,"translators":null,"contributors":null,"locales":["lv"]},{"name":"Biquipedia (an)","description":"A enciclopedia Libre","creator":null,"developers":null,"translators":null,"contributors":null,"locales":["an"]}],"targetApplications":[{"id":"toolkit@mozilla.org","minVersion":null,"maxVersion":null}],"targetPlatforms":[],"seen":true,"dependencies":[],"incognito":"spanning","userPermissions":{"permissions":[],"origins":[]},"icons":{"16":"favicon.ico"},"iconURL":null,"blocklistState":0,"blocklistURL":null,"startupData":null,"hidden":true,"installTelemetryInfo":null,"recommendationState":null,"rootURI":"resource://search-extensions/wikipedia/","location":"app-builtin"}
1564451706208	addons.xpi	DEBUG	Loading bootstrap scope from resource://search-extensions/wikipedia/
1564451706208	addons.xpi	DEBUG	Calling bootstrap method install on wikipedia@search.mozilla.org version 1.0
1564451706208	addons.xpi	DEBUG	Calling bootstrap method startup on wikipedia@search.mozilla.org version 1.0
1564451713967	addons.xpi	DEBUG	Calling bootstrap method shutdown on wikipedia@search.mozilla.org version 1.0
1564451713969	addons.xpi	DEBUG	Calling bootstrap method shutdown on webcompat@mozilla.org version 4.3.2
1564451713973	addons.xpi	DEBUG	Calling bootstrap method shutdown on twitter@search.mozilla.org version 1.0
1564451713974	addons.xpi	DEBUG	Calling bootstrap method shutdown on screenshots@mozilla.org version 39.0.0
1564451713976	addons.xpi	DEBUG	Calling bootstrap method shutdown on google@search.mozilla.org version 1.0
1564451713979	addons.xpi	DEBUG	Calling bootstrap method shutdown on fxmonitor@mozilla.org version 3.0
1564451713982	addons.xpi	DEBUG	Calling bootstrap method shutdown on formautofill@mozilla.org version 1.0
1564451713984	addons.xpi	DEBUG	Calling bootstrap method shutdown on ebay@search.mozilla.org version 1.0
1564451713985	addons.xpi	DEBUG	Calling bootstrap method shutdown on default-theme@mozilla.org version 1.0
1564451713986	addons.xpi	DEBUG	Calling bootstrap method shutdown on ddg@search.mozilla.org version 1.0
1564451713987	addons.xpi	DEBUG	Calling bootstrap method shutdown on bing@search.mozilla.org version 1.0
1564451713988	addons.xpi	DEBUG	Calling bootstrap method shutdown on amazondotcom@search.mozilla.org version 1.1
[Parent 17968, Gecko_IOThread] WARNING: pipe error: 109: file z:/task_1563383129/build/src/ipc/chromium/src/chrome/common/ipc_channel_win.cc, line 341
[Child 14016, Chrome_ChildThread] WARNING: pipe error: 109: file z:/task_1563383129/build/src/ipc/chromium/src/chrome/common/ipc_channel_win.cc[,Child 1236, lin Chroe 341
me_ChildThre[aChild 14016d] WARNING: pipe error: 109: file z:/task_1563383129/build/src/ipc/chromium/src/chrome/common/ipc_channel_win.cc, line 341
[Child 1236,[Parent 17968, Gecko_IOThread] WARNING: pipe error: 109: file z:/task_1563383129/build/src/ipc/chromium/src/chrome/common/ipc_channel_win.cc, line 341
[Child 10424, Chrome_ChildThread] WARNING: pipe error: 109: file z:/task_1563383129/build/src/ipc/chromium/src/chrome/common/ipc_channel_win.cc, line 341
[Child 10424, Chrome_Child1564451714945	addons.manager	DEBUG	before shutdown
1564451714948	addons.manager	DEBUG	shutdown
1564451714949	addons.manager	DEBUG	Calling shutdown blocker for XPIProvider
1564451714949	addons.xpi	DEBUG	shutdown
1564451714949	addons.xpi-utils	DEBUG	shutdown
1564451714949	addons.manager	DEBUG	Calling shutdown blocker for GMPProvider
1564451714949	addons.manager	DEBUG	Calling shutdown blocker for PluginProvider
1564451714949	addons.manager	DEBUG	Async provider shutdown done
[GPU
###!!! [Child][RunMessage] Error: Channel closing: too late to send/recv, messages will be lost

 1
###!!! [Child][MessageChannel::SendAndWait] Error: Channel error: cannot send/recv


	at org.openqa.selenium.firefox.internal.NewProfileExtensionConnection.start(NewProfileExtensionConnection.java:112)
	... 27 more
... Removed 16 stack frames]]>
    </failure>
  </testcase> <!-- @BeforeClass MultipleBrowser -->
  <testcase name="@AfterMethod CheckResults" time="0.0" classname="umtcpractice.DownloadsUMTC">
    <skipped/>
  </testcase> <!-- @AfterMethod CheckResults -->
  <testcase name="@AfterTest SendThruEmail" time="0.0" classname="umtcpractice.DownloadsUMTC">
    <skipped/>
  </testcase> <!-- @AfterTest SendThruEmail -->
  <testcase name="lumagda" time="0.0" classname="umtcpractice.DownloadsUMTC">
    <skipped/>
  </testcase> <!-- lumagda -->
  <testcase name="downloads" time="0.0" classname="umtcpractice.DownloadsUMTC">
    <skipped/>
  </testcase> <!-- downloads -->
</testsuite> <!-- Firefox UMTC -->
