<?xml version="1.0" encoding="UTF-8"?>
<!-- Generated by org.testng.reporters.JUnitXMLReporter -->
<testsuite hostname="DESKTOP-388SHA4" name="Login UMTC" tests="6" failures="0" timestamp="7 Jul 2019 23:31:46 GMT" time="160.789" errors="0">
  <testcase name="lumagda" time="8.991" classname="umtcpractice.Login"/>
  <testcase name="aboutUs" time="28.855" classname="umtcpractice.Login"/>
  <testcase name="company" time="19.437" classname="umtcpractice.Login"/>
  <testcase name="vimision" time="18.361" classname="umtcpractice.Login"/>
  <testcase name="accreditations" time="18.602" classname="umtcpractice.Login"/>
  <testcase name="ourteams" time="27.942" classname="umtcpractice.Login"/>
</testsuite> <!-- Login UMTC -->
