<?xml version="1.0" encoding="UTF-8"?>
<testng-results skipped="0" failed="1" total="2" passed="1">
  <reporter-output>
  </reporter-output>
  <suite name="Suite" duration-ms="51488" started-at="2019-07-22T02:31:05Z" finished-at="2019-07-22T02:31:56Z">
    <groups>
    </groups>
    <test name="Test" duration-ms="4" started-at="2019-07-22T02:31:05Z" finished-at="2019-07-22T02:31:05Z">
    </test> <!-- Test -->
    <test name="Downloads UMTC" duration-ms="51459" started-at="2019-07-22T02:31:05Z" finished-at="2019-07-22T02:31:56Z">
      <class name="umtcpractice.DownloadsUMTC">
        <test-method status="PASS" signature="BeforeTest()[pri:0, instance:umtcpractice.DownloadsUMTC@df27fae]" name="BeforeTest" is-config="true" duration-ms="159" started-at="2019-07-22T10:31:05Z" finished-at="2019-07-22T10:31:05Z">
          <reporter-output>
          </reporter-output>
        </test-method> <!-- BeforeTest -->
        <test-method status="PASS" signature="MultipleBrowser(java.lang.String)[pri:0, instance:umtcpractice.DownloadsUMTC@df27fae]" name="MultipleBrowser" is-config="true" duration-ms="7295" started-at="2019-07-22T10:31:05Z" finished-at="2019-07-22T10:31:12Z">
          <params>
            <param index="0">
              <value>
                <![CDATA[chrome]]>
              </value>
            </param>
          </params>
          <reporter-output>
          </reporter-output>
        </test-method> <!-- MultipleBrowser -->
        <test-method status="PASS" signature="lumagda()[pri:1, instance:umtcpractice.DownloadsUMTC@df27fae]" name="lumagda" duration-ms="7023" started-at="2019-07-22T10:31:12Z" finished-at="2019-07-22T10:31:19Z">
          <reporter-output>
          </reporter-output>
        </test-method> <!-- lumagda -->
        <test-method status="PASS" signature="CheckResults(org.testng.ITestResult)[pri:0, instance:umtcpractice.DownloadsUMTC@df27fae]" name="CheckResults" is-config="true" duration-ms="0" started-at="2019-07-22T10:31:19Z" finished-at="2019-07-22T10:31:19Z">
          <params>
            <param index="0">
              <value>
                <![CDATA[[TestResult name=lumagda status=SUCCESS method=DownloadsUMTC.lumagda()[pri:1, instance:umtcpractice.DownloadsUMTC@df27fae] output={null}]]]>
              </value>
            </param>
          </params>
          <reporter-output>
          </reporter-output>
        </test-method> <!-- CheckResults -->
        <test-method status="FAIL" signature="downloads()[pri:2, instance:umtcpractice.DownloadsUMTC@df27fae]" name="downloads" duration-ms="36759" started-at="2019-07-22T10:31:19Z" depends-on-methods="umtcpractice.DownloadsUMTC.lumagda" finished-at="2019-07-22T10:31:56Z">
          <exception class="java.lang.NullPointerException">
            <full-stacktrace>
              <![CDATA[java.lang.NullPointerException
	at umtcpractice.DownloadsUMTC.downloads(DownloadsUMTC.java:104)
	at sun.reflect.NativeMethodAccessorImpl.invoke0(Native Method)
	at sun.reflect.NativeMethodAccessorImpl.invoke(Unknown Source)
	at sun.reflect.DelegatingMethodAccessorImpl.invoke(Unknown Source)
	at java.lang.reflect.Method.invoke(Unknown Source)
	at org.testng.internal.MethodInvocationHelper.invokeMethod(MethodInvocationHelper.java:85)
	at org.testng.internal.Invoker.invokeMethod(Invoker.java:639)
	at org.testng.internal.Invoker.invokeTestMethod(Invoker.java:816)
	at org.testng.internal.Invoker.invokeTestMethods(Invoker.java:1124)
	at org.testng.internal.TestMethodWorker.invokeTestMethods(TestMethodWorker.java:125)
	at org.testng.internal.TestMethodWorker.run(TestMethodWorker.java:108)
	at org.testng.TestRunner.privateRun(TestRunner.java:774)
	at org.testng.TestRunner.run(TestRunner.java:624)
	at org.testng.SuiteRunner.runTest(SuiteRunner.java:359)
	at org.testng.SuiteRunner.runSequentially(SuiteRunner.java:354)
	at org.testng.SuiteRunner.privateRun(SuiteRunner.java:312)
	at org.testng.SuiteRunner.run(SuiteRunner.java:261)
	at org.testng.SuiteRunnerWorker.runSuite(SuiteRunnerWorker.java:52)
	at org.testng.SuiteRunnerWorker.run(SuiteRunnerWorker.java:86)
	at org.testng.TestNG.runSuitesSequentially(TestNG.java:1215)
	at org.testng.TestNG.runSuitesLocally(TestNG.java:1140)
	at org.testng.TestNG.run(TestNG.java:1048)
	at org.testng.remote.AbstractRemoteTestNG.run(AbstractRemoteTestNG.java:115)
	at org.testng.remote.RemoteTestNG.initAndRun(RemoteTestNG.java:251)
	at org.testng.remote.RemoteTestNG.main(RemoteTestNG.java:77)
]]>
            </full-stacktrace>
          </exception> <!-- java.lang.NullPointerException -->
          <reporter-output>
          </reporter-output>
        </test-method> <!-- downloads -->
        <test-method status="PASS" signature="CheckResults(org.testng.ITestResult)[pri:0, instance:umtcpractice.DownloadsUMTC@df27fae]" name="CheckResults" is-config="true" duration-ms="2" started-at="2019-07-22T10:31:56Z" finished-at="2019-07-22T10:31:56Z">
          <params>
            <param index="0">
              <value>
                <![CDATA[[TestResult name=downloads status=FAILURE method=DownloadsUMTC.downloads()[pri:2, instance:umtcpractice.DownloadsUMTC@df27fae] output={null}]]]>
              </value>
            </param>
          </params>
          <reporter-output>
          </reporter-output>
        </test-method> <!-- CheckResults -->
        <test-method status="PASS" signature="AfterTest()[pri:0, instance:umtcpractice.DownloadsUMTC@df27fae]" name="AfterTest" is-config="true" duration-ms="208" started-at="2019-07-22T10:31:56Z" finished-at="2019-07-22T10:31:56Z">
          <reporter-output>
          </reporter-output>
        </test-method> <!-- AfterTest -->
      </class> <!-- umtcpractice.DownloadsUMTC -->
    </test> <!-- Downloads UMTC -->
  </suite> <!-- Suite -->
</testng-results>
